<?xml version="1.0" encoding="UTF-8"?>
<!-- Generated by org.testng.reporters.JUnitReportReporter -->
<testsuite skipped="0" hostname="MAVERICK" name="Motorcycle.MotorcycleInsurantData" tests="3" failures="0" timestamp="2020-03-04T08:32:11 IST" time="0.015" errors="0">
  <testcase name="enterDob" time="0.006" classname="Motorcycle.MotorcycleInsurantData"/>
  <testcase name="selectGender" time="0.005" classname="Motorcycle.MotorcycleInsurantData"/>
  <testcase name="enterFirstLastName" time="0.004" classname="Motorcycle.MotorcycleInsurantData"/>
</testsuite> <!-- Motorcycle.MotorcycleInsurantData -->
