<?xml version="1.0" encoding="UTF-8"?>
<!-- Generated by org.testng.reporters.JUnitReportReporter -->
<testsuite skipped="0" hostname="MAVERICK" name="Truck.TruckPricingOption" tests="1" failures="0" timestamp="2020-03-04T08:32:11 IST" time="0.005" errors="0">
  <testcase name="selectPricingOption" time="0.005" classname="Truck.TruckPricingOption"/>
</testsuite> <!-- Truck.TruckPricingOption -->
