<?xml version="1.0" encoding="UTF-8"?>
<!-- Generated by org.testng.reporters.JUnitReportReporter -->
<testsuite skipped="0" hostname="MAVERICK" name="basicTestNGAnnotations.DependsonMethod" tests="6" failures="0" timestamp="2020-03-03T10:17:13 IST" time="0.020" errors="0">
  <testcase name="logout" time="0.002" classname="basicTestNGAnnotations.DependsonMethod"/>
  <testcase name="logout" time="0.003" classname="basicTestNGAnnotations.DependsonMethod"/>
  <testcase name="verifyHomepage" time="0.004" classname="basicTestNGAnnotations.DependsonMethod"/>
  <testcase name="login" time="0.007" classname="basicTestNGAnnotations.DependsonMethod"/>
  <testcase name="verifyHomepage" time="0.002" classname="basicTestNGAnnotations.DependsonMethod"/>
  <testcase name="login" time="0.002" classname="basicTestNGAnnotations.DependsonMethod"/>
</testsuite> <!-- basicTestNGAnnotations.DependsonMethod -->
