<?xml version="1.0" encoding="UTF-8"?>
<!-- Generated by org.testng.reporters.JUnitReportReporter -->
<testsuite skipped="0" hostname="MAVERICK" name="Automobile.AutomobileSendQuote" tests="3" failures="0" timestamp="2020-03-04T08:32:11 IST" time="0.029" errors="0">
  <testcase name="enterusername" time="0.009" classname="Automobile.AutomobileSendQuote"/>
  <testcase name="enterPassword" time="0.009" classname="Automobile.AutomobileSendQuote"/>
  <testcase name="enterEmailAddr" time="0.011" classname="Automobile.AutomobileSendQuote"/>
</testsuite> <!-- Automobile.AutomobileSendQuote -->
