<?xml version="1.0" encoding="UTF-8"?>
<!-- Generated by org.testng.reporters.JUnitReportReporter -->
<testsuite skipped="0" hostname="MAVERICK" name="Motorcycle.MotorcycleProductData" tests="3" failures="0" timestamp="2020-03-04T08:32:11 IST" time="0.017" errors="0">
  <testcase name="selectMeritRating" time="0.004" classname="Motorcycle.MotorcycleProductData"/>
  <testcase name="selectInsuredSum" time="0.009" classname="Motorcycle.MotorcycleProductData"/>
  <testcase name="selectStartDate" time="0.004" classname="Motorcycle.MotorcycleProductData"/>
</testsuite> <!-- Motorcycle.MotorcycleProductData -->
