<?xml version="1.0" encoding="UTF-8"?>
<!-- Generated by org.testng.reporters.JUnitReportReporter -->
<testsuite skipped="0" hostname="MAVERICK" name="Motorcycle.MotorcycleVehicleData" tests="7" failures="0" timestamp="2020-03-04T08:32:11 IST" time="0.044" errors="0">
  <testcase name="selectFuelType" time="0.004" classname="Motorcycle.MotorcycleVehicleData"/>
  <testcase name="selectMake" time="0.005" classname="Motorcycle.MotorcycleVehicleData"/>
  <testcase name="enterEnginePerf" time="0.003" classname="Motorcycle.MotorcycleVehicleData"/>
  <testcase name="enterMileage" time="0.010" classname="Motorcycle.MotorcycleVehicleData"/>
  <testcase name="selectSeats" time="0.006" classname="Motorcycle.MotorcycleVehicleData"/>
  <testcase name="enterListPrice" time="0.003" classname="Motorcycle.MotorcycleVehicleData"/>
  <testcase name="enterManufactureDate" time="0.013" classname="Motorcycle.MotorcycleVehicleData"/>
</testsuite> <!-- Motorcycle.MotorcycleVehicleData -->
