<?xml version="1.0" encoding="UTF-8"?>
<!-- Generated by org.testng.reporters.JUnitReportReporter -->
<testsuite skipped="0" hostname="MAVERICK" name="Camper.CamperSendQuote" tests="3" failures="0" timestamp="2020-03-04T08:32:11 IST" time="0.008" errors="0">
  <testcase name="enterPassword" time="0.003" classname="Camper.CamperSendQuote"/>
  <testcase name="enterusername" time="0.002" classname="Camper.CamperSendQuote"/>
  <testcase name="enterEmailAddr" time="0.003" classname="Camper.CamperSendQuote"/>
</testsuite> <!-- Camper.CamperSendQuote -->
