<?xml version="1.0" encoding="UTF-8"?>
<!-- Generated by org.testng.reporters.JUnitReportReporter -->
<testsuite skipped="0" hostname="MAVERICK" name="Camper.CamperVehicleData" tests="7" failures="0" timestamp="2020-03-04T08:32:11 IST" time="0.015" errors="0">
  <testcase name="enterManufactureDate" time="0.002" classname="Camper.CamperVehicleData"/>
  <testcase name="selectSeats" time="0.002" classname="Camper.CamperVehicleData"/>
  <testcase name="selectMake" time="0.001" classname="Camper.CamperVehicleData"/>
  <testcase name="enterMileage" time="0.002" classname="Camper.CamperVehicleData"/>
  <testcase name="selectFuelType" time="0.004" classname="Camper.CamperVehicleData"/>
  <testcase name="enterEnginePerf" time="0.002" classname="Camper.CamperVehicleData"/>
  <testcase name="enterListPrice" time="0.002" classname="Camper.CamperVehicleData"/>
</testsuite> <!-- Camper.CamperVehicleData -->
