<?xml version="1.0" encoding="UTF-8"?>
<!-- Generated by org.testng.reporters.JUnitReportReporter -->
<testsuite skipped="0" hostname="MAVERICK" name="Automobile.AutomobileInsurantData" tests="3" failures="0" timestamp="2020-03-04T08:32:11 IST" time="0.034" errors="0">
  <testcase name="enterDob" time="0.025" classname="Automobile.AutomobileInsurantData"/>
  <testcase name="selectGender" time="0.003" classname="Automobile.AutomobileInsurantData"/>
  <testcase name="enterFirstLastName" time="0.006" classname="Automobile.AutomobileInsurantData"/>
</testsuite> <!-- Automobile.AutomobileInsurantData -->
