<?xml version="1.0" encoding="UTF-8"?>
<!-- Generated by org.testng.reporters.JUnitReportReporter -->
<testsuite skipped="0" hostname="MAVERICK" name="Automobile.AutomobileVehicleData" tests="7" failures="0" timestamp="2020-03-04T08:32:11 IST" time="0.119" errors="0">
  <testcase name="enterEnginePerf" time="0.031" classname="Automobile.AutomobileVehicleData"/>
  <testcase name="selectFuelType" time="0.006" classname="Automobile.AutomobileVehicleData"/>
  <testcase name="enterListPrice" time="0.011" classname="Automobile.AutomobileVehicleData"/>
  <testcase name="enterManufactureDate" time="0.015" classname="Automobile.AutomobileVehicleData"/>
  <testcase name="enterMileage" time="0.032" classname="Automobile.AutomobileVehicleData"/>
  <testcase name="selectMake" time="0.014" classname="Automobile.AutomobileVehicleData"/>
  <testcase name="selectSeats" time="0.010" classname="Automobile.AutomobileVehicleData"/>
</testsuite> <!-- Automobile.AutomobileVehicleData -->
