<?xml version="1.0" encoding="UTF-8"?>
<!-- Generated by org.testng.reporters.JUnitReportReporter -->
<testsuite skipped="0" hostname="MAVERICK" name="basicTestNGAnnotations.FirstTestNGClass" tests="4" failures="0" timestamp="2020-03-03T10:17:13 IST" time="0.011" errors="0">
  <testcase name="test1" time="0.002" classname="basicTestNGAnnotations.FirstTestNGClass"/>
  <testcase name="test3" time="0.003" classname="basicTestNGAnnotations.FirstTestNGClass"/>
  <testcase name="test4" time="0.004" classname="basicTestNGAnnotations.FirstTestNGClass"/>
  <testcase name="test2" time="0.002" classname="basicTestNGAnnotations.FirstTestNGClass"/>
</testsuite> <!-- basicTestNGAnnotations.FirstTestNGClass -->
