<?xml version="1.0" encoding="UTF-8"?>
<!-- Generated by org.testng.reporters.JUnitReportReporter -->
<testsuite skipped="0" hostname="MAVERICK" name="Truck.TruckProductData" tests="3" failures="0" timestamp="2020-03-04T08:32:11 IST" time="0.012" errors="0">
  <testcase name="selectStartDate" time="0.003" classname="Truck.TruckProductData"/>
  <testcase name="selectMeritRating" time="0.001" classname="Truck.TruckProductData"/>
  <testcase name="selectInsuredSum" time="0.008" classname="Truck.TruckProductData"/>
</testsuite> <!-- Truck.TruckProductData -->
