<?xml version="1.0" encoding="UTF-8"?>
<!-- Generated by org.testng.reporters.JUnitReportReporter -->
<testsuite skipped="0" hostname="MAVERICK" name="basicTestNGAnnotations.LearnParameters" tests="1" failures="0" timestamp="2020-03-10T09:16:06 IST" time="0.008" errors="0">
  <testcase name="tes1" time="0.008" classname="basicTestNGAnnotations.LearnParameters"/>
</testsuite> <!-- basicTestNGAnnotations.LearnParameters -->
