<?xml version="1.0" encoding="UTF-8"?>
<!-- Generated by org.testng.reporters.JUnitReportReporter -->
<testsuite skipped="0" hostname="MAVERICK" name="Motorcycle.MotorcycleSendQuote" tests="3" failures="0" timestamp="2020-03-04T08:32:11 IST" time="0.018" errors="0">
  <testcase name="enterPassword" time="0.003" classname="Motorcycle.MotorcycleSendQuote"/>
  <testcase name="enterEmailAddr" time="0.004" classname="Motorcycle.MotorcycleSendQuote"/>
  <testcase name="enterusername" time="0.011" classname="Motorcycle.MotorcycleSendQuote"/>
</testsuite> <!-- Motorcycle.MotorcycleSendQuote -->
