<?xml version="1.0" encoding="UTF-8"?>
<!-- Generated by org.testng.reporters.JUnitReportReporter -->
<testsuite skipped="0" hostname="MAVERICK" name="Truck.TruckVehicleData" tests="7" failures="0" timestamp="2020-03-04T08:32:11 IST" time="0.022" errors="0">
  <testcase name="enterManufactureDate" time="0.001" classname="Truck.TruckVehicleData"/>
  <testcase name="selectFuelType" time="0.006" classname="Truck.TruckVehicleData"/>
  <testcase name="enterMileage" time="0.004" classname="Truck.TruckVehicleData"/>
  <testcase name="enterEnginePerf" time="0.005" classname="Truck.TruckVehicleData"/>
  <testcase name="selectMake" time="0.004" classname="Truck.TruckVehicleData"/>
  <testcase name="selectSeats" time="0.001" classname="Truck.TruckVehicleData"/>
  <testcase name="enterListPrice" time="0.001" classname="Truck.TruckVehicleData"/>
</testsuite> <!-- Truck.TruckVehicleData -->
