<?xml version="1.0" encoding="UTF-8"?>
<!-- Generated by org.testng.reporters.JUnitReportReporter -->
<testsuite skipped="0" hostname="MAVERICK" name="Camper.CamperProductData" tests="3" failures="0" timestamp="2020-03-04T08:32:11 IST" time="0.006" errors="0">
  <testcase name="selectInsuredSum" time="0.001" classname="Camper.CamperProductData"/>
  <testcase name="selectMeritRating" time="0.002" classname="Camper.CamperProductData"/>
  <testcase name="selectStartDate" time="0.003" classname="Camper.CamperProductData"/>
</testsuite> <!-- Camper.CamperProductData -->
