<?xml version="1.0" encoding="UTF-8"?>
<!-- Generated by org.testng.reporters.JUnitReportReporter -->
<testsuite skipped="0" hostname="MAVERICK" name="Automobile.AutomobileProductData" tests="3" failures="0" timestamp="2020-03-04T08:32:11 IST" time="0.031" errors="0">
  <testcase name="selectStartDate" time="0.013" classname="Automobile.AutomobileProductData"/>
  <testcase name="selectInsuredSum" time="0.014" classname="Automobile.AutomobileProductData"/>
  <testcase name="selectMeritRating" time="0.004" classname="Automobile.AutomobileProductData"/>
</testsuite> <!-- Automobile.AutomobileProductData -->
