<?xml version="1.0" encoding="UTF-8"?>
<!-- Generated by org.testng.reporters.JUnitReportReporter -->
<testsuite skipped="0" hostname="MAVERICK" name="Camper.CamperInsurantData" tests="3" failures="0" timestamp="2020-03-04T08:32:11 IST" time="0.007" errors="0">
  <testcase name="enterDob" time="0.001" classname="Camper.CamperInsurantData"/>
  <testcase name="enterFirstLastName" time="0.003" classname="Camper.CamperInsurantData"/>
  <testcase name="selectGender" time="0.003" classname="Camper.CamperInsurantData"/>
</testsuite> <!-- Camper.CamperInsurantData -->
