<?xml version="1.0" encoding="UTF-8"?>
<!-- Generated by org.testng.reporters.JUnitReportReporter -->
<testsuite skipped="0" hostname="MAVERICK" name="Truck.TruckInsurantData" tests="3" failures="0" timestamp="2020-03-04T08:32:11 IST" time="0.004" errors="0">
  <testcase name="enterFirstLastName" time="0.001" classname="Truck.TruckInsurantData"/>
  <testcase name="enterDob" time="0.002" classname="Truck.TruckInsurantData"/>
  <testcase name="selectGender" time="0.001" classname="Truck.TruckInsurantData"/>
</testsuite> <!-- Truck.TruckInsurantData -->
