<?xml version="1.0" encoding="UTF-8"?>
<!-- Generated by org.testng.reporters.JUnitReportReporter -->
<testsuite skipped="0" hostname="MAVERICK" name="basicTestNGAnnotations.LearnDataProvider" tests="14" failures="0" timestamp="2020-03-10T09:57:00 IST" time="0.039" errors="0">
  <testcase name="tes1" time="0.003" classname="basicTestNGAnnotations.LearnDataProvider"/>
  <testcase name="tes1" time="0.006" classname="basicTestNGAnnotations.LearnDataProvider"/>
  <testcase name="tes1" time="0.009" classname="basicTestNGAnnotations.LearnDataProvider"/>
  <testcase name="tes1" time="0.003" classname="basicTestNGAnnotations.LearnDataProvider"/>
  <testcase name="test2" time="0.001" classname="basicTestNGAnnotations.LearnDataProvider"/>
  <testcase name="tes1" time="0.002" classname="basicTestNGAnnotations.LearnDataProvider"/>
  <testcase name="tes1" time="0.002" classname="basicTestNGAnnotations.LearnDataProvider"/>
  <testcase name="tes1" time="0.001" classname="basicTestNGAnnotations.LearnDataProvider"/>
  <testcase name="tes1" time="0.001" classname="basicTestNGAnnotations.LearnDataProvider"/>
  <testcase name="tes1" time="0.002" classname="basicTestNGAnnotations.LearnDataProvider"/>
  <testcase name="tes1" time="0.003" classname="basicTestNGAnnotations.LearnDataProvider"/>
  <testcase name="tes1" time="0.001" classname="basicTestNGAnnotations.LearnDataProvider"/>
  <testcase name="test2" time="0.004" classname="basicTestNGAnnotations.LearnDataProvider"/>
  <testcase name="tes1" time="0.001" classname="basicTestNGAnnotations.LearnDataProvider"/>
</testsuite> <!-- basicTestNGAnnotations.LearnDataProvider -->
