<?xml version="1.0" encoding="UTF-8"?>
<!-- Generated by org.testng.reporters.JUnitReportReporter -->
<testsuite skipped="0" hostname="MAVERICK" name="Automobile.AutomobilePricingOption" tests="1" failures="0" timestamp="2020-03-04T08:32:11 IST" time="0.004" errors="0">
  <testcase name="selectPricingOption" time="0.004" classname="Automobile.AutomobilePricingOption"/>
</testsuite> <!-- Automobile.AutomobilePricingOption -->
