<?xml version="1.0" encoding="UTF-8"?>
<!-- Generated by org.testng.reporters.JUnitReportReporter -->
<testsuite skipped="0" hostname="MAVERICK" name="apiTestCases.TestCase1" tests="1" failures="0" timestamp="2020-05-06T19:53:00 IST" time="4.432" errors="0">
  <testcase name="test1" time="4.432" classname="apiTestCases.TestCase1"/>
</testsuite> <!-- apiTestCases.TestCase1 -->
