<?xml version="1.0" encoding="UTF-8"?>
<!-- Generated by org.testng.reporters.JUnitReportReporter -->
<testsuite skipped="0" hostname="MAVERICK" name="apiTestCases.TestPost" tests="1" failures="0" timestamp="2020-03-11T10:36:03 IST" time="2.514" errors="0">
  <testcase name="testcase2" time="2.514" classname="apiTestCases.TestPost"/>
</testsuite> <!-- apiTestCases.TestPost -->
