<?xml version="1.0" encoding="UTF-8"?>
<!-- Generated by org.testng.reporters.JUnitReportReporter -->
<testsuite skipped="0" hostname="MAVERICK" name="apiTestCases.TestCase1" tests="1" failures="0" timestamp="2020-03-11T10:23:38 IST" time="1.469" errors="0">
  <testcase name="test1" time="1.469" classname="apiTestCases.TestCase1"/>
</testsuite> <!-- apiTestCases.TestCase1 -->
