<?xml version="1.0" encoding="UTF-8"?>
<!-- Generated by org.testng.reporters.JUnitReportReporter -->
<testsuite skipped="0" hostname="7empest" name="apiTestCases.TestPost" tests="1" failures="0" timestamp="2020-11-11T21:36:31 IST" time="8.232" errors="0">
  <testcase name="testcase2" time="8.232" classname="apiTestCases.TestPost"/>
</testsuite> <!-- apiTestCases.TestPost -->
