<?xml version="1.0" encoding="UTF-8"?>
<!-- Generated by org.testng.reporters.JUnitReportReporter -->
<testsuite skipped="0" hostname="MAVERICK" name="TestPackage.TestScript1" tests="3" failures="0" timestamp="04 Mar 2020 04:25:56 GMT" time="0.013" errors="0">
  <testcase name="test1" time="0.010" classname="TestPackage.TestScript1"/>
  <testcase name="test2" time="0.002" classname="TestPackage.TestScript1"/>
  <testcase name="test3" time="0.001" classname="TestPackage.TestScript1"/>
</testsuite> <!-- TestPackage.TestScript1 -->
